<?xml version="1.0" encoding="UTF-8"?>
<!-- Generated by org.testng.reporters.JUnitReportReporter -->
<testsuite hostname="Cuckoos-Air.bbrouter" failures="0" tests="1" name="testPackageCashOnPick.testRegister" time="178.328" errors="0" timestamp="2024-02-04T15:28:00 IST" skipped="0">
  <testcase classname="testPackageCashOnPick.testRegister" name="registerTest" time="178.328"/>
</testsuite> <!-- testPackageCashOnPick.testRegister -->
