<?xml version="1.0" encoding="UTF-8"?>
<!-- Generated by org.testng.reporters.JUnitReportReporter -->
<testsuite hostname="Cuckoos-Air.bbrouter" failures="0" tests="1" name="testPackageCashOnPick.testLogin" time="29.442" errors="0" timestamp="2024-02-04T15:28:00 IST" skipped="0">
  <testcase classname="testPackageCashOnPick.testLogin" name="loginTest" time="29.442"/>
</testsuite> <!-- testPackageCashOnPick.testLogin -->
